12:41:43,891  INFO main SendMessageSteps:afterClass:97 - Scenario "Send message to group of users" - is finished
12:41:43,905  INFO main MovetoSpamSteps:afterClass:99 - Scenario "Move email into Spam" - is finished
12:41:43,906  INFO main SetFlagSteps:afterClass:96 - Scenario "Set Flag On/OFF" - is finished
19:43:35,553  INFO main SendMessageSteps:afterClass:97 - Scenario "Send message to group of users" - is finished
19:43:35,565  INFO main MovetoSpamSteps:afterClass:99 - Scenario "Move email into Spam" - is finished
19:43:35,568  INFO main SetFlagSteps:afterClass:96 - Scenario "Set Flag On/OFF" - is finished
19:46:33,853  INFO main MovetoSpamSteps:afterClass:99 - Scenario "Move email into Spam" - is finished
19:46:33,866  INFO main SetFlagSteps:afterClass:96 - Scenario "Set Flag On/OFF" - is finished
19:50:46,815  INFO main SetFlagSteps:findClickNoWait:92 - Scenario "Set Flag On/OFF" - is finished
21:29:02,494  INFO main SetFlagSteps:afterClass:96 - Scenario "Set Flag On/OFF" is finished
21:30:12,774  INFO main SetFlagSteps:afterClass:96 - Scenario "Set Flag On/OFF" is finished
21:31:30,675  INFO main MovetoSpamSteps:findClick:94 - Scenario "Move email into Spam" - is finished
21:31:31,546  INFO main SetFlagSteps:afterClass:96 - Scenario "Set Flag On/OFF" is finished
21:32:49,306  INFO main SetFlagSteps:afterClass:96 - Scenario "Set Flag On/OFF" is finished
21:33:13,482  INFO main SetFlagSteps:afterClass:96 - Scenario "Set Flag On/OFF" is finished
21:33:44,360  INFO main SetFlagSteps:afterClass:96 - Scenario "Set Flag On/OFF" is finished
21:34:16,756  INFO main MovetoSpamSteps:findClick:94 - Scenario "Move email into Spam" - is finished
21:34:17,714  INFO main SetFlagSteps:afterClass:96 - Scenario "Set Flag On/OFF" is finished
18:47:17,013  INFO main DataBaseConnection:getDataBaseValue:34 - DB data executed successfully
18:47:17,034  INFO main DataBaseConnection:getDataBaseValue:34 - DB data executed successfully
18:48:09,100  INFO main DataBaseConnection:getDataBaseValue:32 - DB data executed successfully
21:42:14,563 ERROR main RestApi:postMessage:30 - Post message was executed
21:42:14,761 ERROR main RestApi:editPost:46 - Edit message was executed
21:42:14,948  INFO main RestApi:deletePost:61 - Delete message was executed
21:54:46,229 ERROR main RestApi:postMessage:30 - Post message was executed
21:54:46,455 ERROR main RestApi:editPost:46 - Edit message was executed
21:54:46,671  INFO main RestApi:deletePost:61 - Delete message was executed
21:55:09,809 ERROR main RestApi:postMessage:30 - Post message was executed
21:59:39,964 ERROR main RestApi:postMessage:30 - Post message was executed
22:11:33,130 ERROR main RestApi:postMessage:30 - Post message was executed
22:11:49,166 ERROR main RestApi:editPost:46 - Edit message was executed
22:12:04,963  INFO main RestApi:deletePost:61 - Delete message was executed
22:13:40,468 ERROR main RestApi:postMessage:30 - Post message was executed
22:20:31,808 ERROR main RestApi:postMessage:30 - Post message was executed
22:20:53,439 ERROR main RestApi:postMessage:30 - Post message was executed
22:23:32,500 ERROR main RestApi:editPost:46 - Edit message was executed
22:23:49,811 ERROR main RestApi:editPost:46 - Edit message was executed
22:24:28,764 ERROR main RestApi:editPost:46 - Edit message was executed
22:25:30,508 ERROR main RestApi:editPost:46 - Edit message was executed
22:25:46,431 ERROR main RestApi:editPost:46 - Edit message was executed
22:25:59,671 ERROR main RestApi:editPost:46 - Edit message was executed
22:32:27,925 ERROR main RestApi:editPost:46 - Edit message was executed
22:36:12,271  INFO main RestApi:deletePost:61 - Delete message was executed
22:36:28,038  INFO main RestApi:deletePost:61 - Delete message was executed
22:56:36,762  INFO main DataBaseConnection:getDataBaseValue:32 - DB data executed successfully
22:56:36,777  INFO main DataBaseConnection:getDataBaseValue:32 - DB data executed successfully
23:02:02,229  INFO main DataBaseConnection:getDataBaseValue:32 - DB data executed successfully
23:02:02,241  INFO main DataBaseConnection:getDataBaseValue:32 - DB data executed successfully
23:22:20,287  INFO main DataBaseConnection:getDataBaseValue:32 - DB data executed successfully
23:22:20,299  INFO main DataBaseConnection:getDataBaseValue:32 - DB data executed successfully
23:31:51,231  INFO main DataBaseConnection:getDataBaseValue:32 - DB data executed successfully
23:31:51,246  INFO main DataBaseConnection:getDataBaseValue:32 - DB data executed successfully
23:36:20,705  INFO main DataBaseConnection:getDataBaseValue:32 - DB data executed successfully
23:36:20,717  INFO main DataBaseConnection:getDataBaseValue:32 - DB data executed successfully
23:37:49,637  INFO main DataBaseConnection:getDataBaseValue:32 - DB data executed successfully
23:37:49,655  INFO main DataBaseConnection:getDataBaseValue:32 - DB data executed successfully
23:37:49,677  INFO main DataBaseConnection:getDataBaseValue:32 - DB data executed successfully
23:37:49,677  INFO main DataBaseConnection:getDataBaseValue:32 - DB data executed successfully
23:39:34,209  INFO main DataBaseConnection:getDataBaseValue:32 - DB data executed successfully
23:39:34,233  INFO main DataBaseConnection:getDataBaseValue:32 - DB data executed successfully
23:41:02,553  INFO main DataBaseConnection:getDataBaseValue:32 - DB data executed successfully
23:41:02,568  INFO main DataBaseConnection:getDataBaseValue:32 - DB data executed successfully
23:41:02,589  INFO main DataBaseConnection:getDataBaseValue:32 - DB data executed successfully
23:41:02,596  INFO main DataBaseConnection:getDataBaseValue:32 - DB data executed successfully
23:42:41,596  INFO main DataBaseConnection:getDataBaseValue:32 - DB data executed successfully
23:42:41,608  INFO main DataBaseConnection:getDataBaseValue:32 - DB data executed successfully
23:42:41,643  INFO main DataBaseConnection:getDataBaseValue:32 - DB data executed successfully
23:42:41,650  INFO main DataBaseConnection:getDataBaseValue:32 - DB data executed successfully
23:44:26,129  INFO main DataBaseConnection:getDataBaseValue:32 - DB data executed successfully
23:44:26,149  INFO main DataBaseConnection:getDataBaseValue:32 - DB data executed successfully
23:45:40,979  INFO main DataBaseConnection:getDataBaseValue:32 - DB data executed successfully
23:45:40,999  INFO main DataBaseConnection:getDataBaseValue:32 - DB data executed successfully
23:51:57,915  INFO main DataBaseConnection:getDataBaseValue:32 - DB data executed successfully
23:51:57,927  INFO main DataBaseConnection:getDataBaseValue:32 - DB data executed successfully
23:51:57,953  INFO main DataBaseConnection:getDataBaseValue:32 - DB data executed successfully
23:51:57,960  INFO main DataBaseConnection:getDataBaseValue:32 - DB data executed successfully
23:52:31,175  INFO main DataBaseConnection:getDataBaseValue:32 - DB data executed successfully
23:52:31,187  INFO main DataBaseConnection:getDataBaseValue:32 - DB data executed successfully
23:57:23,760  INFO main DataBaseConnection:getDataBaseValue:32 - DB data executed successfully
23:57:23,771  INFO main DataBaseConnection:getDataBaseValue:32 - DB data executed successfully
00:01:56,786  INFO main DataBaseConnection:getDataBaseValue:28 - DB data executed successfully
00:01:56,796  INFO main DataBaseConnection:getDataBaseValue:28 - DB data executed successfully
00:03:23,924  INFO main DataBaseConnection:getDataBaseValue:28 - DB data executed successfully
00:03:23,937  INFO main DataBaseConnection:getDataBaseValue:28 - DB data executed successfully
00:05:11,660  INFO main DataBaseConnection:getDataBaseValue:28 - DB data executed successfully
00:05:11,680  INFO main DataBaseConnection:getDataBaseValue:28 - DB data executed successfully
00:07:32,532  INFO main DataBaseConnection:getDataBaseValue:28 - DB data executed successfully
00:07:32,546  INFO main DataBaseConnection:getDataBaseValue:28 - DB data executed successfully
00:22:08,722  INFO main DataBaseConnection:getDataBaseValue:28 - DB data executed successfully
00:22:08,732  INFO main DataBaseConnection:getDataBaseValue:28 - DB data executed successfully
00:24:04,575  INFO main DataBaseConnection:getDataBaseValue:28 - DB data executed successfully
00:24:04,587  INFO main DataBaseConnection:getDataBaseValue:28 - DB data executed successfully
00:34:30,356  INFO main DataBaseConnection:getDataBaseValue:28 - DB data executed successfully
00:34:30,367  INFO main DataBaseConnection:getDataBaseValue:28 - DB data executed successfully
00:35:19,639  INFO main DataBaseConnection:getDataBaseValue:28 - DB data executed successfully
00:35:19,647  INFO main DataBaseConnection:getDataBaseValue:28 - DB data executed successfully
00:35:35,989  INFO main DataBaseConnection:getDataBaseValue:28 - DB data executed successfully
00:35:35,996  INFO main DataBaseConnection:getDataBaseValue:28 - DB data executed successfully
00:35:55,689  INFO main DataBaseConnection:getDataBaseValue:28 - DB data executed successfully
00:35:55,696  INFO main DataBaseConnection:getDataBaseValue:28 - DB data executed successfully
00:37:04,272  INFO main DataBaseConnection:getDataBaseValue:28 - DB data executed successfully
00:37:04,283  INFO main DataBaseConnection:getDataBaseValue:28 - DB data executed successfully
00:37:34,719  INFO main DataBaseConnection:getDataBaseValue:28 - DB data executed successfully
00:37:34,735  INFO main DataBaseConnection:getDataBaseValue:28 - DB data executed successfully
00:38:11,994  INFO main DataBaseConnection:getDataBaseValue:28 - DB data executed successfully
00:38:12,001  INFO main DataBaseConnection:getDataBaseValue:28 - DB data executed successfully
00:38:29,159  INFO main DataBaseConnection:getDataBaseValue:28 - DB data executed successfully
00:38:29,166  INFO main DataBaseConnection:getDataBaseValue:28 - DB data executed successfully
00:38:52,615  INFO main DataBaseConnection:getDataBaseValue:28 - DB data executed successfully
00:38:52,623  INFO main DataBaseConnection:getDataBaseValue:28 - DB data executed successfully
00:43:16,871  INFO main DataBaseConnection:getDataBaseValue:28 - DB data executed successfully
00:43:16,883  INFO main DataBaseConnection:getDataBaseValue:28 - DB data executed successfully
00:43:59,779  INFO main DataBaseConnection:getDataBaseValue:28 - DB data executed successfully
00:43:59,785  INFO main DataBaseConnection:getDataBaseValue:28 - DB data executed successfully
00:44:21,397  INFO main DataBaseConnection:getDataBaseValue:28 - DB data executed successfully
00:44:21,404  INFO main DataBaseConnection:getDataBaseValue:28 - DB data executed successfully
00:44:43,897  INFO main DataBaseConnection:getDataBaseValue:28 - DB data executed successfully
00:44:43,905  INFO main DataBaseConnection:getDataBaseValue:28 - DB data executed successfully
00:49:32,029  INFO main DataBaseConnection:getDataBaseValue:28 - DB data executed successfully
00:49:32,042  INFO main DataBaseConnection:getDataBaseValue:28 - DB data executed successfully
00:49:52,438  INFO main DataBaseConnection:getDataBaseValue:28 - DB data executed successfully
00:49:52,446  INFO main DataBaseConnection:getDataBaseValue:28 - DB data executed successfully
00:50:09,365  INFO main DataBaseConnection:getDataBaseValue:28 - DB data executed successfully
00:50:09,371  INFO main DataBaseConnection:getDataBaseValue:28 - DB data executed successfully
00:50:31,197  INFO main DataBaseConnection:getDataBaseValue:28 - DB data executed successfully
00:50:31,204  INFO main DataBaseConnection:getDataBaseValue:28 - DB data executed successfully
00:51:36,850  INFO main DataBaseConnection:getDataBaseValue:28 - DB data executed successfully
00:51:36,861  INFO main DataBaseConnection:getDataBaseValue:28 - DB data executed successfully
00:52:26,742  INFO main DataBaseConnection:getDataBaseValue:28 - DB data executed successfully
00:52:26,752  INFO main DataBaseConnection:getDataBaseValue:28 - DB data executed successfully
00:54:27,708  INFO main DataBaseConnection:getDataBaseValue:28 - DB data executed successfully
00:54:27,720  INFO main DataBaseConnection:getDataBaseValue:28 - DB data executed successfully
00:57:36,352  INFO main DataBaseConnection:getDataBaseValue:28 - DB data executed successfully
00:57:36,363  INFO main DataBaseConnection:getDataBaseValue:28 - DB data executed successfully
00:58:42,939  INFO main DataBaseConnection:getDataBaseValue:28 - DB data executed successfully
00:58:42,951  INFO main DataBaseConnection:getDataBaseValue:28 - DB data executed successfully
01:02:04,984  INFO main DataBaseConnection:getDataBaseValue:28 - DB data executed successfully
01:02:04,998  INFO main DataBaseConnection:getDataBaseValue:28 - DB data executed successfully
01:05:39,782  INFO main DataBaseConnection:getDataBaseValue:28 - DB data executed successfully
01:05:39,794  INFO main DataBaseConnection:getDataBaseValue:28 - DB data executed successfully
01:06:24,285  INFO main DataBaseConnection:getDataBaseValue:28 - DB data executed successfully
01:06:24,302  INFO main DataBaseConnection:getDataBaseValue:28 - DB data executed successfully
01:06:45,161  INFO main DataBaseConnection:getDataBaseValue:28 - DB data executed successfully
01:06:45,167  INFO main DataBaseConnection:getDataBaseValue:28 - DB data executed successfully
01:07:02,410  INFO main DataBaseConnection:getDataBaseValue:28 - DB data executed successfully
01:07:02,416  INFO main DataBaseConnection:getDataBaseValue:28 - DB data executed successfully
01:07:23,417  INFO main DataBaseConnection:getDataBaseValue:28 - DB data executed successfully
01:07:23,423  INFO main DataBaseConnection:getDataBaseValue:28 - DB data executed successfully
01:08:29,046  INFO main DataBaseConnection:getDataBaseValue:28 - DB data executed successfully
01:08:29,059  INFO main DataBaseConnection:getDataBaseValue:28 - DB data executed successfully
01:08:51,909  INFO main DataBaseConnection:getDataBaseValue:28 - DB data executed successfully
01:08:51,916  INFO main DataBaseConnection:getDataBaseValue:28 - DB data executed successfully
01:09:11,018  INFO main DataBaseConnection:getDataBaseValue:28 - DB data executed successfully
01:09:11,026  INFO main DataBaseConnection:getDataBaseValue:28 - DB data executed successfully
01:09:35,996  INFO main DataBaseConnection:getDataBaseValue:28 - DB data executed successfully
01:09:36,002  INFO main DataBaseConnection:getDataBaseValue:28 - DB data executed successfully
01:12:11,903  INFO main DataBaseConnection:getDataBaseValue:28 - DB data executed successfully
01:12:11,920  INFO main DataBaseConnection:getDataBaseValue:28 - DB data executed successfully
01:13:29,693  INFO main DataBaseConnection:getDataBaseValue:28 - DB data executed successfully
01:13:29,706  INFO main DataBaseConnection:getDataBaseValue:28 - DB data executed successfully
01:13:50,705  INFO main DataBaseConnection:getDataBaseValue:28 - DB data executed successfully
01:13:50,712  INFO main DataBaseConnection:getDataBaseValue:28 - DB data executed successfully
01:14:08,341  INFO main DataBaseConnection:getDataBaseValue:28 - DB data executed successfully
01:14:08,349  INFO main DataBaseConnection:getDataBaseValue:28 - DB data executed successfully
01:14:30,914  INFO main DataBaseConnection:getDataBaseValue:28 - DB data executed successfully
01:14:30,927  INFO main DataBaseConnection:getDataBaseValue:28 - DB data executed successfully
01:15:46,540  INFO main DataBaseConnection:getDataBaseValue:28 - DB data executed successfully
01:15:46,553  INFO main DataBaseConnection:getDataBaseValue:28 - DB data executed successfully
01:16:43,218  INFO main DataBaseConnection:getDataBaseValue:28 - DB data executed successfully
01:16:43,225  INFO main DataBaseConnection:getDataBaseValue:28 - DB data executed successfully
01:17:07,722  INFO main DataBaseConnection:getDataBaseValue:28 - DB data executed successfully
01:17:07,729  INFO main DataBaseConnection:getDataBaseValue:28 - DB data executed successfully
01:17:30,026  INFO main DataBaseConnection:getDataBaseValue:28 - DB data executed successfully
01:17:30,033  INFO main DataBaseConnection:getDataBaseValue:28 - DB data executed successfully
01:18:30,926  INFO main DataBaseConnection:getDataBaseValue:28 - DB data executed successfully
01:18:30,939  INFO main DataBaseConnection:getDataBaseValue:28 - DB data executed successfully
01:18:48,363  INFO main DataBaseConnection:getDataBaseValue:28 - DB data executed successfully
01:18:48,370  INFO main DataBaseConnection:getDataBaseValue:28 - DB data executed successfully
01:23:42,151  INFO main DataBaseConnection:getDataBaseValue:28 - DB data executed successfully
01:23:42,171  INFO main DataBaseConnection:getDataBaseValue:28 - DB data executed successfully
01:26:09,610  INFO main DataBaseConnection:getDataBaseValue:28 - DB data executed successfully
01:26:09,629  INFO main DataBaseConnection:getDataBaseValue:28 - DB data executed successfully
01:28:21,321  INFO main DataBaseConnection:getDataBaseValue:28 - DB data executed successfully
01:28:21,333  INFO main DataBaseConnection:getDataBaseValue:28 - DB data executed successfully
01:30:57,657  INFO main DataBaseConnection:getDataBaseValue:28 - DB data executed successfully
01:30:57,669  INFO main DataBaseConnection:getDataBaseValue:28 - DB data executed successfully
01:32:34,497  INFO main DataBaseConnection:getDataBaseValue:28 - DB data executed successfully
01:32:34,510  INFO main DataBaseConnection:getDataBaseValue:28 - DB data executed successfully
01:34:26,464  INFO main DataBaseConnection:getDataBaseValue:28 - DB data executed successfully
01:34:26,491  INFO main DataBaseConnection:getDataBaseValue:28 - DB data executed successfully
01:40:02,861  INFO main DataBaseConnection:getDataBaseValue:28 - DB data executed successfully
01:40:02,873  INFO main DataBaseConnection:getDataBaseValue:28 - DB data executed successfully
01:43:19,290  INFO main DataBaseConnection:getDataBaseValue:28 - DB data executed successfully
01:43:19,310  INFO main DataBaseConnection:getDataBaseValue:28 - DB data executed successfully
01:44:57,407  INFO main DataBaseConnection:getDataBaseValue:28 - DB data executed successfully
01:44:57,418  INFO main DataBaseConnection:getDataBaseValue:28 - DB data executed successfully
01:45:37,459  INFO main DataBaseConnection:getDataBaseValue:28 - DB data executed successfully
01:45:37,479  INFO main DataBaseConnection:getDataBaseValue:28 - DB data executed successfully
01:46:11,416  INFO main DataBaseConnection:getDataBaseValue:28 - DB data executed successfully
01:46:11,431  INFO main DataBaseConnection:getDataBaseValue:28 - DB data executed successfully
01:46:31,805  INFO main DataBaseConnection:getDataBaseValue:28 - DB data executed successfully
01:46:31,811  INFO main DataBaseConnection:getDataBaseValue:28 - DB data executed successfully
01:46:51,290  INFO main DataBaseConnection:getDataBaseValue:28 - DB data executed successfully
01:46:51,295  INFO main DataBaseConnection:getDataBaseValue:28 - DB data executed successfully
01:50:24,251  INFO main DataBaseConnection:getDataBaseValue:28 - DB data executed successfully
01:50:24,266  INFO main DataBaseConnection:getDataBaseValue:28 - DB data executed successfully
01:50:46,362  INFO main DataBaseConnection:getDataBaseValue:28 - DB data executed successfully
01:50:46,368  INFO main DataBaseConnection:getDataBaseValue:28 - DB data executed successfully
01:51:07,076  INFO main DataBaseConnection:getDataBaseValue:28 - DB data executed successfully
01:51:07,089  INFO main DataBaseConnection:getDataBaseValue:28 - DB data executed successfully
01:51:23,471  INFO main DataBaseConnection:getDataBaseValue:28 - DB data executed successfully
01:51:23,478  INFO main DataBaseConnection:getDataBaseValue:28 - DB data executed successfully
15:36:33,276  INFO main DataBaseConnection:getDataBaseValue:28 - DB data executed successfully
15:36:33,284  INFO main DataBaseConnection:getDataBaseValue:28 - DB data executed successfully
01:23:51,817  INFO main DataBaseConnection:getDataBaseValue:28 - DB data executed successfully
01:23:51,831  INFO main DataBaseConnection:getDataBaseValue:28 - DB data executed successfully
02:15:46,685  INFO main DataBaseConnection:getDataBaseValue:28 - DB data executed successfully
02:15:46,700  INFO main DataBaseConnection:getDataBaseValue:28 - DB data executed successfully
02:16:10,263  INFO main DataBaseConnection:getDataBaseValue:28 - DB data executed successfully
02:16:10,270  INFO main DataBaseConnection:getDataBaseValue:28 - DB data executed successfully
02:16:29,245  INFO main DataBaseConnection:getDataBaseValue:28 - DB data executed successfully
02:16:29,254  INFO main DataBaseConnection:getDataBaseValue:28 - DB data executed successfully
02:16:46,249  INFO main DataBaseConnection:getDataBaseValue:28 - DB data executed successfully
02:16:46,258  INFO main DataBaseConnection:getDataBaseValue:28 - DB data executed successfully
